It is not time to feed Bevo!
02/26/2020 Bevo did not eat today.
=====
It is not time to feed Bevo!
Feeding Bevo at 16:00.
Bevo has already eaten!
03/18/2019 Bevo ate today.
=====
It is not time to feed Bevo!
It is not time to feed Bevo!
It is not time to feed Bevo!
It is not time to feed Bevo!
It is not time to feed Bevo!
It is not time to feed Bevo!
12/25/2018 Bevo did not eat today.
=====
It is not time to feed Bevo!
It is not time to feed Bevo!
It is not time to feed Bevo!
It is not time to feed Bevo!
It is not time to feed Bevo!
It is not time to feed Bevo!
It is not time to feed Bevo!
It is not time to feed Bevo!
It is not time to feed Bevo!
It is not time to feed Bevo!
01/03/2017 Bevo did not eat today.
=====
Feeding Bevo at 17:00.
Bevo has already eaten!
Bevo has already eaten!
It is not time to feed Bevo!
10/31/2016 Bevo ate today.
=====