RalphIsAGirl: Excellent
RALPHISAGIRL: Strong
ralphisagirl!: Moderate
rlphgrl!: Weak
234!: Abysmal
=====
BA*CD: Excellent
BAC*D: Moderate
B*ACD: Strong
BACD*: Strong
BA*C*: Moderate
AC*B: Terrible
=====
a: Excellent
b: Excellent
cc: Abysmal
=====
>'7zd"O:5*<19@vY6q_4j5ypt'4Z4naCnVi"e@[59vpX&}pGAbFk$BR-0lW6ildAUt;U)W1AKn+jN9G65ha#}6Wi)^>gXiSNpRcc: Moderate
ZBQ}Q#Tc0'6m@V&qKHinz_{[)%Vcj1c{2f_$w^6WhJjk}VhPgV*EAI3lVxK{X:Erdmh2r"XRp[@=$4NKNf5f#r2qI"Q5LX)S#W@5: Moderate
ocy!cE0J&VdoK&2[amTfx<ir5iq4XzSki-oyuu1g$r*L^Z9>HiI(_Qe<6Ds;&S'v3gwqvs_6g*s(*_gmO#eWi0#XFO61@^<^5{iX: Strong
v3Lff):uz<uklf&p^fC[<:N5[^FD{-rZm#Tmt"ZOrnqvX3{Ki{wy$l!xuN1$4]0I(_Wg1v!(Jvz[k=tRd;$)&'rU@F)ZTVM">W6{: Moderate
Ds+_lW6{5IBH9!X]ScSxt(xy"_G*XpUZRYAG<%f!_-Bv)-L_le4dpeLbRZ+l8}]^EitF)op7mIM#amvWwf_^=Q5$X7sE;#i*nYL-: Weak
AFy21(;QZR:AUoN}ahpIaLKtbz2C_)DKkZ^gL%oRO+uQMNgT=dYU1kO8ip03vkbQqs&@t7oHNU't;"@niF->5j[6uh>k(<c'jN#B: Moderate
DKyBt[><ZNh7i_MpGAi+O:46ZV2Lrs#Y-T%}{7fG<ho7*nuLrT5usM=h>XA^N<OPqeSTbA4G4j"qz;evMgxZ)QPRyx8ifH"vU{#^: Weak
mJU1+[;jHUn]bikISlyt+DP"'@rG*[M$=<LdgQb4UNP:e$PRgRIHahbOKC9]W^kry72>{IZy=]jvc{DUXBYkl!_Pl+kI]xsv^8RY: Strong
W$4P(UB}LUJpK#glnu(T[o4C%J9hm%p8X){H)!HpsyT}v=@eZQs0!*j'][SFg[p'nB&89h-i&BD"sg5(@i5bh6E1Cay{vcVS{:&W: Weak
$CH-t=DNYL%r4Zb*Fs:a7fb93$ovPSjUv*WE>0o)r#>fGLhbCi7EZ}U_;JbjvBYPyHGrN+u2Kjk_!Y=P;Tf3nXRjn:OzY[X[*kYC: Moderate
=====